Arguments: 
  /Users/Jona/.nvm/versions/node/v8.2.1/bin/node /Users/Jona/.nvm/versions/node/v8.2.1/bin/yarn add babel-preset-react@6.24.1 babel-preset-env@1.5.2

PATH: 
  /Users/Jona/.rvm/gems/ruby-2.3.0/bin:/Users/Jona/.rvm/gems/ruby-2.3.0@global/bin:/Users/Jona/.rvm/rubies/ruby-2.3.0/bin:/Users/Jona/.nvm/versions/node/v8.2.1/bin:/usr/local/bin:/usr/bin:/bin:/usr/sbin:/sbin:/Users/Jona/.rvm/bin

Yarn version: 
  1.3.2

Node version: 
  8.2.1

Platform: 
  darwin x64

npm manifest: 
  {
    "name": "tut",
    "version": "1.0.0",
    "main": "index.js",
    "license": "MIT"
  }

yarn manifest: 
  No manifest

Lockfile: 
  No lockfile

Trace: 
  Error: https://registry.yarnpkg.com/babel-plugin-transform-es2015-computed-properties: ETIMEDOUT
      at Timeout._onTimeout (/Users/Jona/.nvm/versions/node/v8.2.1/lib/node_modules/yarn/lib/cli.js:123749:19)
      at ontimeout (timers.js:469:11)
      at tryOnTimeout (timers.js:304:5)
      at Timer.listOnTimeout (timers.js:264:5)
